//----------------------------------------------------------------------------//
This Logfile was created on 2013/12/16 02:55:57 È.Ù
//----------------------------------------------------------------------------//

2013/12/16 02:55:57 È.Ù: Open Word For LetterID = 86625
2013/12/16 02:56:05 È.Ù: Open Word For LetterID = 86608
2013/12/16 02:56:08 È.Ù: Save Word For LetterID = 86608 Insteed of 86608
2013/12/16 05:29:02 È.Ù: Open Word For LetterID = 96844
2013/12/16 05:29:03 È.Ù: Save Word For LetterID = 96844 instead of 96844
2013/12/16 05:29:15 È.Ù: Open Word For LetterID = 96854
2013/12/16 05:29:16 È.Ù: Save Word For LetterID = 96854 instead of 96854
2013/12/16 05:29:18 È.Ù: Open Word For LetterID = 96853
2013/12/16 05:29:19 È.Ù: Save Word For LetterID = 96853 instead of 96853
2013/12/17 09:44:36 Þ.Ù: Open Word For LetterID = 96843
2013/12/17 09:44:42 Þ.Ù: Save Word For LetterID = 96843 instead of 96843
2013/12/17 09:44:44 Þ.Ù: Open Word For LetterID = 96844
2013/12/17 09:44:46 Þ.Ù: Save Word For LetterID = 96844 instead of 96844
2013/12/17 09:44:47 Þ.Ù: Open Word For LetterID = 96843
2013/12/17 09:44:48 Þ.Ù: Save Word For LetterID = 96843 instead of 96843
2013/12/17 09:44:49 Þ.Ù: Open Word For LetterID = 96844
2013/12/17 09:44:51 Þ.Ù: Save Word For LetterID = 96844 instead of 96844
2013/12/17 09:44:52 Þ.Ù: Open Word For LetterID = 96843
2013/12/17 09:44:53 Þ.Ù: Save Word For LetterID = 96843 instead of 96843
