//----------------------------------------------------------------------------//
This Logfile was created on 2013/12/16 04:38:29 È.Ù
//----------------------------------------------------------------------------//

2013/12/16 04:38:29 È.Ù: Open Word For LetterID = 96844
2013/12/16 04:46:58 È.Ù: Open Word For LetterID = 96848
2013/12/16 04:47:06 È.Ù: Save Word For LetterID = 96848 instead of 96848
2013/12/16 04:47:14 È.Ù: Open Word For LetterID = 96848
2013/12/17 09:45:02 Þ.Ù: Open Word For LetterID = 96127
2013/12/17 09:45:05 Þ.Ù: Save Word For LetterID = 96127 instead of 96127
2013/12/17 09:55:43 Þ.Ù: Open Word For LetterID = 96849
2013/12/17 09:55:51 Þ.Ù: Save Word For LetterID = 96849 instead of 96849
2013/12/17 09:56:24 Þ.Ù: Open Word For LetterID = 96849
2013/12/17 09:56:52 Þ.Ù: Save Word For LetterID = 96849 instead of 96849
2013/12/17 09:57:38 Þ.Ù: Open Word For LetterID = 96846
2013/12/17 09:57:54 Þ.Ù: Save Word For LetterID = 96846 instead of 96846
2013/12/17 10:21:00 Þ.Ù: Open Word For LetterID = 96851
2013/12/17 10:21:03 Þ.Ù: Save Word For LetterID = 96851 instead of 96851
2013/12/17 03:59:43 È.Ù: 1
2013/12/17 03:59:43 È.Ù: 2
2013/12/17 03:59:43 È.Ù: 3
2013/12/17 03:59:43 È.Ù: 4
